#
# There is insufficient memory for the Java Runtime Environment to continue.
# Native memory allocation (mmap) failed to map 268435456 bytes for G1 virtual space
# Possible reasons:
#   The system is out of physical RAM or swap space
#   The process is running with CompressedOops enabled, and the Java Heap may be blocking the growth of the native heap
# Possible solutions:
#   Reduce memory load on the system
#   Increase physical memory or swap space
#   Check if swap backing store is full
#   Decrease Java heap size (-Xmx/-Xms)
#   Decrease number of Java threads
#   Decrease Java thread stack sizes (-Xss)
#   Set larger code cache with -XX:ReservedCodeCacheSize=
#   JVM is running with Zero Based Compressed Oops mode in which the Java heap is
#     placed in the first 32GB address space. The Java Heap base address is the
#     maximum limit for the native heap growth. Please use -XX:HeapBaseMinAddress
#     to set the Java Heap base and to place the Java Heap above 32GB virtual address.
# This output file may be truncated or incomplete.
#
#  Out of Memory Error (os_windows.cpp:3769), pid=1468, tid=16908
#
# JRE version:  (17.0.6) (build )
# Java VM: OpenJDK 64-Bit Server VM (17.0.6+0-b2043.56-9586694, mixed mode, sharing, tiered, compressed oops, compressed class ptrs, g1 gc, windows-amd64)
# No core dump will be written. Minidumps are not enabled by default on client versions of Windows
#

---------------  S U M M A R Y ------------

Command Line: org.jetbrains.kotlin.cli.jvm.K2JVMCompiler @D:\GItLoad\ChatSpring\app\build\20230601_7941946846810239097.compiler.options

Host: Intel(R) Core(TM) i7-9750H CPU @ 2.60GHz, 12 cores, 15G,  Windows 10 , 64 bit Build 19041 (10.0.19041.2913)
Time: Thu Jun  1 19:55:36 2023  Windows 10 , 64 bit Build 19041 (10.0.19041.2913) elapsed time: 0.010728 seconds (0d 0h 0m 0s)

---------------  T H R E A D  ---------------

Current thread (0x000001ee73fce600):  JavaThread "Unknown thread" [_thread_in_vm, id=16908, stack(0x000000959c500000,0x000000959c600000)]

Stack: [0x000000959c500000,0x000000959c600000]
Native frames: (J=compiled Java code, j=interpreted, Vv=VM code, C=native code)
V  [jvm.dll+0x683b4a]
V  [jvm.dll+0x842654]
V  [jvm.dll+0x843dfe]
V  [jvm.dll+0x844463]
V  [jvm.dll+0x249b75]
V  [jvm.dll+0x680a19]
V  [jvm.dll+0x674f0a]
V  [jvm.dll+0x309acb]
V  [jvm.dll+0x310f86]
V  [jvm.dll+0x3608ee]
V  [jvm.dll+0x360b1f]
V  [jvm.dll+0x2dfbf8]
V  [jvm.dll+0x2e0b64]
V  [jvm.dll+0x813f41]
V  [jvm.dll+0x36e6a1]
V  [jvm.dll+0x7f347c]
V  [jvm.dll+0x3f0e8f]
V  [jvm.dll+0x3f29d1]
C  [jli.dll+0x526b]
C  [ucrtbase.dll+0x21bb2]
C  [KERNEL32.DLL+0x17614]
C  [ntdll.dll+0x526a1]


---------------  P R O C E S S  ---------------

Threads class SMR info:
_java_thread_list=0x00007ff807f8c058, length=0, elements={
}

Java Threads: ( => current thread )

Other Threads:
  0x000001ee74038de0 GCTaskThread "GC Thread#0" [stack: 0x000000959c600000,0x000000959c700000] [id=8312]
  0x000001ee74049be0 ConcurrentGCThread "G1 Main Marker" [stack: 0x000000959c700000,0x000000959c800000] [id=13960]
  0x000001ee7404b600 ConcurrentGCThread "G1 Conc#0" [stack: 0x000000959c800000,0x000000959c900000] [id=1544]

[error occurred during error reporting (printing all threads), id 0xc0000005, EXCEPTION_ACCESS_VIOLATION (0xc0000005) at pc=0x00007ff807740797]

VM state: not at safepoint (not fully initialized)

VM Mutex/Monitor currently owned by a thread:  ([mutex/lock_event])
[0x000001ee73fc9270] Heap_lock - owner thread: 0x000001ee73fce600

Heap address: 0x0000000701400000, size: 4076 MB, Compressed Oops mode: Zero based, Oop shift amount: 3

CDS archive(s) mapped at: [0x0000000000000000-0x0000000000000000-0x0000000000000000), size 0, SharedBaseAddress: 0x0000000800000000, ArchiveRelocationMode: 0.
Narrow klass base: 0x0000000000000000, Narrow klass shift: 0, Narrow klass range: 0x0

GC Precious Log:
<Empty>

Heap:
 garbage-first heap   total 0K, used 0K [0x0000000701400000, 0x0000000800000000)
  region size 2048K, 0 young (0K), 0 survivors (0K)

[error occurred during error reporting (printing heap information), id 0xc0000005, EXCEPTION_ACCESS_VIOLATION (0xc0000005) at pc=0x00007ff807b2d939]

GC Heap History (0 events):
No events

Dll operation events (1 events):
Event: 0.007 Loaded shared library D:\Android\Android studio\jbr\bin\java.dll

Deoptimization events (0 events):
No events

Classes unloaded (0 events):
No events

Classes redefined (0 events):
No events

Internal exceptions (0 events):
No events

VM Operations (0 events):
No events

Events (0 events):
No events


Dynamic libraries:
0x00007ff6c7a10000 - 0x00007ff6c7a1a000 	D:\Android\Android studio\jbr\bin\java.exe
0x00007ff8664b0000 - 0x00007ff8666a8000 	C:\WINDOWS\SYSTEM32\ntdll.dll
0x00007ff865c60000 - 0x00007ff865d1f000 	C:\WINDOWS\System32\KERNEL32.DLL
0x00007ff863fa0000 - 0x00007ff864296000 	C:\WINDOWS\System32\KERNELBASE.dll
0x00007ff863ea0000 - 0x00007ff863fa0000 	C:\WINDOWS\System32\ucrtbase.dll
0x00007ff856990000 - 0x00007ff8569a7000 	D:\Android\Android studio\jbr\bin\jli.dll
0x00007ff84d1d0000 - 0x00007ff84d1eb000 	D:\Android\Android studio\jbr\bin\VCRUNTIME140.dll
0x00007ff864e20000 - 0x00007ff864fbd000 	C:\WINDOWS\System32\USER32.dll
0x00007ff863d90000 - 0x00007ff863db2000 	C:\WINDOWS\System32\win32u.dll
0x00007ff850760000 - 0x00007ff8509fa000 	C:\WINDOWS\WinSxS\amd64_microsoft.windows.common-controls_6595b64144ccf1df_6.0.19041.1110_none_60b5254171f9507e\COMCTL32.dll
0x00007ff865a50000 - 0x00007ff865a7c000 	C:\WINDOWS\System32\GDI32.dll
0x00007ff865070000 - 0x00007ff86510e000 	C:\WINDOWS\System32\msvcrt.dll
0x00007ff8643f0000 - 0x00007ff864505000 	C:\WINDOWS\System32\gdi32full.dll
0x00007ff863cf0000 - 0x00007ff863d8d000 	C:\WINDOWS\System32\msvcp_win.dll
0x00007ff865f60000 - 0x00007ff865f90000 	C:\WINDOWS\System32\IMM32.DLL
0x00007ff84d1c0000 - 0x00007ff84d1cc000 	D:\Android\Android studio\jbr\bin\vcruntime140_1.dll
0x00007ff833f40000 - 0x00007ff833fcd000 	D:\Android\Android studio\jbr\bin\msvcp140.dll
0x00007ff807450000 - 0x00007ff8080bd000 	D:\Android\Android studio\jbr\bin\server\jvm.dll
0x00007ff865a80000 - 0x00007ff865b2f000 	C:\WINDOWS\System32\ADVAPI32.dll
0x00007ff8658e0000 - 0x00007ff86597c000 	C:\WINDOWS\System32\sechost.dll
0x00007ff865d40000 - 0x00007ff865e66000 	C:\WINDOWS\System32\RPCRT4.dll
0x00007ff857910000 - 0x00007ff857937000 	C:\WINDOWS\SYSTEM32\WINMM.dll
0x00007ff824110000 - 0x00007ff824119000 	C:\WINDOWS\SYSTEM32\WSOCK32.dll
0x00007ff859210000 - 0x00007ff85921a000 	C:\WINDOWS\SYSTEM32\VERSION.dll
0x00007ff865120000 - 0x00007ff86518b000 	C:\WINDOWS\System32\WS2_32.dll
0x00007ff8623e0000 - 0x00007ff8623f2000 	C:\WINDOWS\SYSTEM32\kernel.appcore.dll
0x00007ff85cfd0000 - 0x00007ff85cfda000 	D:\Android\Android studio\jbr\bin\jimage.dll
0x00007ff862100000 - 0x00007ff8622e4000 	C:\WINDOWS\SYSTEM32\DBGHELP.DLL
0x00007ff84dd20000 - 0x00007ff84dd54000 	C:\WINDOWS\SYSTEM32\dbgcore.DLL
0x00007ff863dc0000 - 0x00007ff863e42000 	C:\WINDOWS\System32\bcryptPrimitives.dll
0x00007ff857970000 - 0x00007ff857995000 	D:\Android\Android studio\jbr\bin\java.dll

dbghelp: loaded successfully - version: 4.0.5 - missing functions: none
symbol engine: initialized successfully - sym options: 0x614 - pdb path: .;D:\Android\Android studio\jbr\bin;C:\WINDOWS\SYSTEM32;C:\WINDOWS\WinSxS\amd64_microsoft.windows.common-controls_6595b64144ccf1df_6.0.19041.1110_none_60b5254171f9507e;D:\Android\Android studio\jbr\bin\server

VM Arguments:
java_command: org.jetbrains.kotlin.cli.jvm.K2JVMCompiler @D:\GItLoad\ChatSpring\app\build\20230601_7941946846810239097.compiler.options
java_class_path (initial): C:\Users\PC\.gradle\caches\modules-2\files-2.1\org.jetbrains.kotlin\kotlin-compiler-embeddable\1.8.21\a4a682d55fb788432e4b7bf2ab3acb7a7365fb35\kotlin-compiler-embeddable-1.8.21.jar;C:\Users\PC\.gradle\caches\modules-2\files-2.1\org.jetbrains.kotlin\kotlin-stdlib\1.8.21\43d50ab85bc7587adfe3dda3dbe579e5f8d51265\kotlin-stdlib-1.8.21.jar;C:\Users\PC\.gradle\caches\modules-2\files-2.1\org.jetbrains.kotlin\kotlin-script-runtime\1.8.21\bf43f76b6e29bdc09b6c8a4511a9118b0ab12b1f\kotlin-script-runtime-1.8.21.jar;C:\Users\PC\.gradle\caches\modules-2\files-2.1\org.jetbrains.kotlin\kotlin-reflect\1.6.10\1cbe9c92c12a94eea200d23c2bbaedaf3daf5132\kotlin-reflect-1.6.10.jar;C:\Users\PC\.gradle\caches\modules-2\files-2.1\org.jetbrains.kotlin\kotlin-daemon-embeddable\1.8.21\882003c48db58d16c8fb5a933abf08b5974a1a19\kotlin-daemon-embeddable-1.8.21.jar;C:\Users\PC\.gradle\caches\modules-2\files-2.1\org.jetbrains.intellij.deps\trove4j\1.0.20200330\3afb14d5f9ceb459d724e907a21145e8ff394f02\trove4j-1.0.20200330.jar;C:\Users\PC\.gradle\caches\modules-2\files-2.1\net.java.dev.jna\jna\5.6.0\330f2244e9030119ab3030fc3fededc86713d9cc\jna-5.6.0.jar;C:\Users\PC\.gradle\caches\modules-2\files-2.1\org.jetbrains.kotlin\kotlin-stdlib-common\1.8.21\d749cd5ae25da36d06e5028785038e24f9d37976\kotlin-stdlib-common-1.8.21.jar;C:\Users\PC\.gradle\caches\modules-2\files-2.1\org.jetbrains\annotations\13.0\919f0dfe192fb4e063e7dacadee7f8bb9a2672a9\annotations-13.0.jar
Launcher Type: SUN_STANDARD

[Global flags]
     intx CICompilerCount                          = 4                                         {product} {ergonomic}
     uint ConcGCThreads                            = 3                                         {product} {ergonomic}
     uint G1ConcRefinementThreads                  = 10                                        {product} {ergonomic}
   size_t G1HeapRegionSize                         = 2097152                                   {product} {ergonomic}
    uintx GCDrainStackTargetSize                   = 64                                        {product} {ergonomic}
   size_t InitialHeapSize                          = 268435456                                 {product} {ergonomic}
   size_t MarkStackSize                            = 4194304                                   {product} {ergonomic}
   size_t MaxHeapSize                              = 4273995776                                {product} {ergonomic}
   size_t MinHeapDeltaBytes                        = 2097152                                   {product} {ergonomic}
   size_t MinHeapSize                              = 8388608                                   {product} {ergonomic}
    uintx NonNMethodCodeHeapSize                   = 5839372                                {pd product} {ergonomic}
    uintx NonProfiledCodeHeapSize                  = 122909434                              {pd product} {ergonomic}
    uintx ProfiledCodeHeapSize                     = 122909434                              {pd product} {ergonomic}
    uintx ReservedCodeCacheSize                    = 251658240                              {pd product} {ergonomic}
     bool SegmentedCodeCache                       = true                                      {product} {ergonomic}
   size_t SoftMaxHeapSize                          = 4273995776                             {manageable} {ergonomic}
     bool UseCompressedClassPointers               = true                           {product lp64_product} {ergonomic}
     bool UseCompressedOops                        = true                           {product lp64_product} {ergonomic}
     bool UseG1GC                                  = true                                      {product} {ergonomic}
     bool UseLargePagesIndividualAllocation        = false                                  {pd product} {ergonomic}

Logging:
Log output configuration:
 #0: stdout all=warning uptime,level,tags
 #1: stderr all=off uptime,level,tags

Environment Variables:
JAVA_HOME=D:\dataAndCode\jdk1.8.0
CLASSPATH=.;D:\dataAndCode\jdk1.8.0\lib;D:\dataAndCode\jdk1.8.0\lib\tools.jar
PATH=C:\ProgramData\Oracle\Java\javapath;C:\Program Files\Python38\Scripts\;C:\Program Files\Python38\;D:\dataAndCode\jdk1.8.0\bin;D:\dataAndCode\jre1.8.0\bin;C:\WINDOWS\System32\OpenSSH\;C:\Program Files\PuTTY\;C:\WINDOWS\system32;C:\WINDOWS;C:\WINDOWS\System32\Wbem;C:\WINDOWS\System32\WindowsPowerShell\v1.0\;C:\Program Files\Git\cmd;C:\Program Files (x86)\Windows Kits\10\Windows Performance Toolkit\;C:\Program Files\MongoDB\Server\6.0\bin;C:\Users\PC\AppData\Local\Microsoft\WindowsApps;C:\Users\PC\.dotnet\tools;C:\Users\PC\Microsoft VS Code\bin;C:\Users\PC\IntelliJ IDEA 2020.2.4\bin;;;C:\Program Files\JetBrains\PyCharm Community Edition 2022.3.2\bin;
USERNAME=PC
OS=Windows_NT
PROCESSOR_IDENTIFIER=Intel64 Family 6 Model 158 Stepping 10, GenuineIntel
TMP=C:\Users\PC\AppData\Local\Temp
TEMP=C:\Users\PC\AppData\Local\Temp



---------------  S Y S T E M  ---------------

OS:
 Windows 10 , 64 bit Build 19041 (10.0.19041.2913)
OS uptime: 0 days 9:39 hours

CPU: total 12 (initial active 12) (6 cores per cpu, 2 threads per core) family 6 model 158 stepping 10 microcode 0xc6, cx8, cmov, fxsr, ht, mmx, 3dnowpref, sse, sse2, sse3, ssse3, sse4.1, sse4.2, popcnt, lzcnt, tsc, tscinvbit, avx, avx2, aes, erms, clmul, bmi1, bmi2, adx, fma, vzeroupper, clflush, clflushopt

Memory: 4k page, system-wide physical 16303M (3982M free)
TotalPageFile size 16559M (AvailPageFile size 198M)
current process WorkingSet (physical memory assigned to process): 10M, peak: 10M
current process commit charge ("private bytes"): 64M, peak: 320M

vm_info: OpenJDK 64-Bit Server VM (17.0.6+0-b2043.56-9586694) for windows-amd64 JRE (17.0.6+0-b2043.56-9586694), built on Feb  9 2023 20:06:20 by "androidbuild" with MS VC++ 16.10 / 16.11 (VS2019)

END.
