#
# There is insufficient memory for the Java Runtime Environment to continue.
# Native memory allocation (mmap) failed to map 268435456 bytes for G1 virtual space
# Possible reasons:
#   The system is out of physical RAM or swap space
#   The process is running with CompressedOops enabled, and the Java Heap may be blocking the growth of the native heap
# Possible solutions:
#   Reduce memory load on the system
#   Increase physical memory or swap space
#   Check if swap backing store is full
#   Decrease Java heap size (-Xmx/-Xms)
#   Decrease number of Java threads
#   Decrease Java thread stack sizes (-Xss)
#   Set larger code cache with -XX:ReservedCodeCacheSize=
#   JVM is running with Zero Based Compressed Oops mode in which the Java heap is
#     placed in the first 32GB address space. The Java Heap base address is the
#     maximum limit for the native heap growth. Please use -XX:HeapBaseMinAddress
#     to set the Java Heap base and to place the Java Heap above 32GB virtual address.
# This output file may be truncated or incomplete.
#
#  Out of Memory Error (os_windows.cpp:3769), pid=17696, tid=18120
#
# JRE version:  (17.0.6) (build )
# Java VM: OpenJDK 64-Bit Server VM (17.0.6+0-b2043.56-9586694, mixed mode, sharing, tiered, compressed oops, compressed class ptrs, g1 gc, windows-amd64)
# No core dump will be written. Minidumps are not enabled by default on client versions of Windows
#

---------------  S U M M A R Y ------------

Command Line: org.jetbrains.kotlin.cli.jvm.K2JVMCompiler @C:\Users\PC\Desktop\ChatSpring-Ver4\app\build\20230517_4150933619755361469.compiler.options

Host: Intel(R) Core(TM) i7-9750H CPU @ 2.60GHz, 12 cores, 15G,  Windows 10 , 64 bit Build 19041 (10.0.19041.2913)
Time: Wed May 17 16:48:50 2023  Windows 10 , 64 bit Build 19041 (10.0.19041.2913) elapsed time: 0.012843 seconds (0d 0h 0m 0s)

---------------  T H R E A D  ---------------

Current thread (0x00000113d5a9b830):  JavaThread "Unknown thread" [_thread_in_vm, id=18120, stack(0x0000000c77b00000,0x0000000c77c00000)]

Stack: [0x0000000c77b00000,0x0000000c77c00000]
Native frames: (J=compiled Java code, j=interpreted, Vv=VM code, C=native code)
V  [jvm.dll+0x683b4a]
V  [jvm.dll+0x842654]
V  [jvm.dll+0x843dfe]
V  [jvm.dll+0x844463]
V  [jvm.dll+0x249b75]
V  [jvm.dll+0x680a19]
V  [jvm.dll+0x674f0a]
V  [jvm.dll+0x309acb]
V  [jvm.dll+0x310f86]
V  [jvm.dll+0x3608ee]
V  [jvm.dll+0x360b1f]
V  [jvm.dll+0x2dfbf8]
V  [jvm.dll+0x2e0b64]
V  [jvm.dll+0x813f41]
V  [jvm.dll+0x36e6a1]
V  [jvm.dll+0x7f347c]
V  [jvm.dll+0x3f0e8f]
V  [jvm.dll+0x3f29d1]
C  [jli.dll+0x526b]
C  [ucrtbase.dll+0x21bb2]
C  [KERNEL32.DLL+0x17614]
C  [ntdll.dll+0x526a1]


---------------  P R O C E S S  ---------------

Threads class SMR info:
_java_thread_list=0x00007ffc42f3c058, length=0, elements={
}

Java Threads: ( => current thread )

Other Threads:
  0x00000113d5b09030 GCTaskThread "GC Thread#0" [stack: 0x0000000c77c00000,0x0000000c77d00000] [id=14660]
  0x00000113d5b1bd60 ConcurrentGCThread "G1 Main Marker" [stack: 0x0000000c77d00000,0x0000000c77e00000] [id=17884]
  0x00000113d5b1ce20 ConcurrentGCThread "G1 Conc#0" [stack: 0x0000000c77e00000,0x0000000c77f00000] [id=17820]

[error occurred during error reporting (printing all threads), id 0xc0000005, EXCEPTION_ACCESS_VIOLATION (0xc0000005) at pc=0x00007ffc426f0797]

VM state: not at safepoint (not fully initialized)

VM Mutex/Monitor currently owned by a thread:  ([mutex/lock_event])
[0x00000113d5a97cd0] Heap_lock - owner thread: 0x00000113d5a9b830

Heap address: 0x0000000701400000, size: 4076 MB, Compressed Oops mode: Zero based, Oop shift amount: 3

CDS archive(s) mapped at: [0x0000000000000000-0x0000000000000000-0x0000000000000000), size 0, SharedBaseAddress: 0x0000000800000000, ArchiveRelocationMode: 0.
Narrow klass base: 0x0000000000000000, Narrow klass shift: 0, Narrow klass range: 0x0

GC Precious Log:
<Empty>

Heap:
 garbage-first heap   total 0K, used 0K [0x0000000701400000, 0x0000000800000000)
  region size 2048K, 0 young (0K), 0 survivors (0K)

[error occurred during error reporting (printing heap information), id 0xc0000005, EXCEPTION_ACCESS_VIOLATION (0xc0000005) at pc=0x00007ffc42add939]

GC Heap History (0 events):
No events

Dll operation events (1 events):
Event: 0.007 Loaded shared library D:\Android\Android studio\jbr\bin\java.dll

Deoptimization events (0 events):
No events

Classes unloaded (0 events):
No events

Classes redefined (0 events):
No events

Internal exceptions (0 events):
No events

VM Operations (0 events):
No events

Events (0 events):
No events


Dynamic libraries:
0x00007ff7c96b0000 - 0x00007ff7c96ba000 	D:\Android\Android studio\jbr\bin\java.exe
0x00007ffc9fa90000 - 0x00007ffc9fc88000 	C:\WINDOWS\SYSTEM32\ntdll.dll
0x00007ffc9f920000 - 0x00007ffc9f9df000 	C:\WINDOWS\System32\KERNEL32.DLL
0x00007ffc9d690000 - 0x00007ffc9d986000 	C:\WINDOWS\System32\KERNELBASE.dll
0x00007ffc9d170000 - 0x00007ffc9d270000 	C:\WINDOWS\System32\ucrtbase.dll
0x00007ffc980a0000 - 0x00007ffc980b7000 	D:\Android\Android studio\jbr\bin\jli.dll
0x00007ffc96420000 - 0x00007ffc9643b000 	D:\Android\Android studio\jbr\bin\VCRUNTIME140.dll
0x00007ffc9f350000 - 0x00007ffc9f4ed000 	C:\WINDOWS\System32\USER32.dll
0x00007ffc9d270000 - 0x00007ffc9d292000 	C:\WINDOWS\System32\win32u.dll
0x00007ffc87cb0000 - 0x00007ffc87f4a000 	C:\WINDOWS\WinSxS\amd64_microsoft.windows.common-controls_6595b64144ccf1df_6.0.19041.1110_none_60b5254171f9507e\COMCTL32.dll
0x00007ffc9ef80000 - 0x00007ffc9efac000 	C:\WINDOWS\System32\GDI32.dll
0x00007ffc9e4c0000 - 0x00007ffc9e55e000 	C:\WINDOWS\System32\msvcrt.dll
0x00007ffc9d2a0000 - 0x00007ffc9d3b5000 	C:\WINDOWS\System32\gdi32full.dll
0x00007ffc9da20000 - 0x00007ffc9dabd000 	C:\WINDOWS\System32\msvcp_win.dll
0x00007ffc9e300000 - 0x00007ffc9e330000 	C:\WINDOWS\System32\IMM32.DLL
0x00007ffc82e00000 - 0x00007ffc82e0c000 	D:\Android\Android studio\jbr\bin\vcruntime140_1.dll
0x00007ffc73bd0000 - 0x00007ffc73c5d000 	D:\Android\Android studio\jbr\bin\msvcp140.dll
0x00007ffc42400000 - 0x00007ffc4306d000 	D:\Android\Android studio\jbr\bin\server\jvm.dll
0x00007ffc9e330000 - 0x00007ffc9e3df000 	C:\WINDOWS\System32\ADVAPI32.dll
0x00007ffc9e820000 - 0x00007ffc9e8bc000 	C:\WINDOWS\System32\sechost.dll
0x00007ffc9ee50000 - 0x00007ffc9ef76000 	C:\WINDOWS\System32\RPCRT4.dll
0x00007ffc980e0000 - 0x00007ffc980e9000 	C:\WINDOWS\SYSTEM32\WSOCK32.dll
0x00007ffc9e8c0000 - 0x00007ffc9e92b000 	C:\WINDOWS\System32\WS2_32.dll
0x00007ffc92620000 - 0x00007ffc9262a000 	C:\WINDOWS\SYSTEM32\VERSION.dll
0x00007ffc90b60000 - 0x00007ffc90b87000 	C:\WINDOWS\SYSTEM32\WINMM.dll
0x00007ffc9b9c0000 - 0x00007ffc9b9d2000 	C:\WINDOWS\SYSTEM32\kernel.appcore.dll
0x00007ffc980d0000 - 0x00007ffc980da000 	D:\Android\Android studio\jbr\bin\jimage.dll
0x00007ffc9ade0000 - 0x00007ffc9afc4000 	C:\WINDOWS\SYSTEM32\DBGHELP.DLL
0x00007ffc84e40000 - 0x00007ffc84e74000 	C:\WINDOWS\SYSTEM32\dbgcore.DLL
0x00007ffc9d990000 - 0x00007ffc9da12000 	C:\WINDOWS\System32\bcryptPrimitives.dll
0x00007ffc98070000 - 0x00007ffc98095000 	D:\Android\Android studio\jbr\bin\java.dll

dbghelp: loaded successfully - version: 4.0.5 - missing functions: none
symbol engine: initialized successfully - sym options: 0x614 - pdb path: .;D:\Android\Android studio\jbr\bin;C:\WINDOWS\SYSTEM32;C:\WINDOWS\WinSxS\amd64_microsoft.windows.common-controls_6595b64144ccf1df_6.0.19041.1110_none_60b5254171f9507e;D:\Android\Android studio\jbr\bin\server

VM Arguments:
java_command: org.jetbrains.kotlin.cli.jvm.K2JVMCompiler @C:\Users\PC\Desktop\ChatSpring-Ver4\app\build\20230517_4150933619755361469.compiler.options
java_class_path (initial): C:\Users\PC\.gradle\caches\modules-2\files-2.1\org.jetbrains.kotlin\kotlin-compiler-embeddable\1.8.21\a4a682d55fb788432e4b7bf2ab3acb7a7365fb35\kotlin-compiler-embeddable-1.8.21.jar;C:\Users\PC\.gradle\caches\modules-2\files-2.1\org.jetbrains.kotlin\kotlin-stdlib\1.8.21\43d50ab85bc7587adfe3dda3dbe579e5f8d51265\kotlin-stdlib-1.8.21.jar;C:\Users\PC\.gradle\caches\modules-2\files-2.1\org.jetbrains.kotlin\kotlin-script-runtime\1.8.21\bf43f76b6e29bdc09b6c8a4511a9118b0ab12b1f\kotlin-script-runtime-1.8.21.jar;C:\Users\PC\.gradle\caches\modules-2\files-2.1\org.jetbrains.kotlin\kotlin-reflect\1.6.10\1cbe9c92c12a94eea200d23c2bbaedaf3daf5132\kotlin-reflect-1.6.10.jar;C:\Users\PC\.gradle\caches\modules-2\files-2.1\org.jetbrains.kotlin\kotlin-daemon-embeddable\1.8.21\882003c48db58d16c8fb5a933abf08b5974a1a19\kotlin-daemon-embeddable-1.8.21.jar;C:\Users\PC\.gradle\caches\modules-2\files-2.1\org.jetbrains.intellij.deps\trove4j\1.0.20200330\3afb14d5f9ceb459d724e907a21145e8ff394f02\trove4j-1.0.20200330.jar;C:\Users\PC\.gradle\caches\modules-2\files-2.1\net.java.dev.jna\jna\5.6.0\330f2244e9030119ab3030fc3fededc86713d9cc\jna-5.6.0.jar;C:\Users\PC\.gradle\caches\modules-2\files-2.1\org.jetbrains.kotlin\kotlin-stdlib-common\1.8.21\d749cd5ae25da36d06e5028785038e24f9d37976\kotlin-stdlib-common-1.8.21.jar;C:\Users\PC\.gradle\caches\modules-2\files-2.1\org.jetbrains\annotations\13.0\919f0dfe192fb4e063e7dacadee7f8bb9a2672a9\annotations-13.0.jar
Launcher Type: SUN_STANDARD

[Global flags]
     intx CICompilerCount                          = 4                                         {product} {ergonomic}
     uint ConcGCThreads                            = 3                                         {product} {ergonomic}
     uint G1ConcRefinementThreads                  = 10                                        {product} {ergonomic}
   size_t G1HeapRegionSize                         = 2097152                                   {product} {ergonomic}
    uintx GCDrainStackTargetSize                   = 64                                        {product} {ergonomic}
   size_t InitialHeapSize                          = 268435456                                 {product} {ergonomic}
   size_t MarkStackSize                            = 4194304                                   {product} {ergonomic}
   size_t MaxHeapSize                              = 4273995776                                {product} {ergonomic}
   size_t MinHeapDeltaBytes                        = 2097152                                   {product} {ergonomic}
   size_t MinHeapSize                              = 8388608                                   {product} {ergonomic}
    uintx NonNMethodCodeHeapSize                   = 5839372                                {pd product} {ergonomic}
    uintx NonProfiledCodeHeapSize                  = 122909434                              {pd product} {ergonomic}
    uintx ProfiledCodeHeapSize                     = 122909434                              {pd product} {ergonomic}
    uintx ReservedCodeCacheSize                    = 251658240                              {pd product} {ergonomic}
     bool SegmentedCodeCache                       = true                                      {product} {ergonomic}
   size_t SoftMaxHeapSize                          = 4273995776                             {manageable} {ergonomic}
     bool UseCompressedClassPointers               = true                           {product lp64_product} {ergonomic}
     bool UseCompressedOops                        = true                           {product lp64_product} {ergonomic}
     bool UseG1GC                                  = true                                      {product} {ergonomic}
     bool UseLargePagesIndividualAllocation        = false                                  {pd product} {ergonomic}

Logging:
Log output configuration:
 #0: stdout all=warning uptime,level,tags
 #1: stderr all=off uptime,level,tags

Environment Variables:
JAVA_HOME=D:\dataAndCode\jdk1.8.0
CLASSPATH=.;D:\dataAndCode\jdk1.8.0\lib;D:\dataAndCode\jdk1.8.0\lib\tools.jar
PATH=C:\ProgramData\Oracle\Java\javapath;C:\Program Files\Python38\Scripts\;C:\Program Files\Python38\;D:\dataAndCode\jdk1.8.0\bin;D:\dataAndCode\jre1.8.0\bin;C:\WINDOWS\System32\OpenSSH\;C:\Program Files\PuTTY\;C:\WINDOWS\system32;C:\WINDOWS;C:\WINDOWS\System32\Wbem;C:\WINDOWS\System32\WindowsPowerShell\v1.0\;C:\Program Files\Git\cmd;C:\Program Files (x86)\Windows Kits\10\Windows Performance Toolkit\;C:\Program Files\MongoDB\Server\6.0\bin;C:\Users\PC\AppData\Local\Microsoft\WindowsApps;C:\Users\PC\.dotnet\tools;C:\Users\PC\Microsoft VS Code\bin;C:\Users\PC\IntelliJ IDEA 2020.2.4\bin;;;C:\Program Files\JetBrains\PyCharm Community Edition 2022.3.2\bin;
USERNAME=PC
OS=Windows_NT
PROCESSOR_IDENTIFIER=Intel64 Family 6 Model 158 Stepping 10, GenuineIntel
TMP=C:\Users\PC\AppData\Local\Temp
TEMP=C:\Users\PC\AppData\Local\Temp



---------------  S Y S T E M  ---------------

OS:
 Windows 10 , 64 bit Build 19041 (10.0.19041.2913)
OS uptime: 0 days 2:13 hours

CPU: total 12 (initial active 12) (6 cores per cpu, 2 threads per core) family 6 model 158 stepping 10 microcode 0xc6, cx8, cmov, fxsr, ht, mmx, 3dnowpref, sse, sse2, sse3, ssse3, sse4.1, sse4.2, popcnt, lzcnt, tsc, tscinvbit, avx, avx2, aes, erms, clmul, bmi1, bmi2, adx, fma, vzeroupper, clflush, clflushopt

Memory: 4k page, system-wide physical 16303M (3466M free)
TotalPageFile size 16559M (AvailPageFile size 137M)
current process WorkingSet (physical memory assigned to process): 10M, peak: 10M
current process commit charge ("private bytes"): 64M, peak: 320M

vm_info: OpenJDK 64-Bit Server VM (17.0.6+0-b2043.56-9586694) for windows-amd64 JRE (17.0.6+0-b2043.56-9586694), built on Feb  9 2023 20:06:20 by "androidbuild" with MS VC++ 16.10 / 16.11 (VS2019)

END.
