#
# There is insufficient memory for the Java Runtime Environment to continue.
# Native memory allocation (malloc) failed to allocate 1923168 bytes for Chunk::new
# Possible reasons:
#   The system is out of physical RAM or swap space
#   The process is running with CompressedOops enabled, and the Java Heap may be blocking the growth of the native heap
# Possible solutions:
#   Reduce memory load on the system
#   Increase physical memory or swap space
#   Check if swap backing store is full
#   Decrease Java heap size (-Xmx/-Xms)
#   Decrease number of Java threads
#   Decrease Java thread stack sizes (-Xss)
#   Set larger code cache with -XX:ReservedCodeCacheSize=
#   JVM is running with Zero Based Compressed Oops mode in which the Java heap is
#     placed in the first 32GB address space. The Java Heap base address is the
#     maximum limit for the native heap growth. Please use -XX:HeapBaseMinAddress
#     to set the Java Heap base and to place the Java Heap above 32GB virtual address.
# This output file may be truncated or incomplete.
#
#  Out of Memory Error (arena.cpp:189), pid=1568, tid=18396
#
# JRE version: OpenJDK Runtime Environment (17.0.6) (build 17.0.6+0-b2043.56-9586694)
# Java VM: OpenJDK 64-Bit Server VM (17.0.6+0-b2043.56-9586694, mixed mode, tiered, compressed oops, compressed class ptrs, g1 gc, windows-amd64)
# No core dump will be written. Minidumps are not enabled by default on client versions of Windows
#

---------------  S U M M A R Y ------------

Command Line: org.jetbrains.kotlin.cli.jvm.K2JVMCompiler @C:\Users\PC\Desktop\ChatSpring-Ver4\app\build\20230517_8135405620970160238.compiler.options

Host: Intel(R) Core(TM) i7-9750H CPU @ 2.60GHz, 12 cores, 15G,  Windows 10 , 64 bit Build 19041 (10.0.19041.2913)
Time: Wed May 17 16:53:37 2023  Windows 10 , 64 bit Build 19041 (10.0.19041.2913) elapsed time: 20.010673 seconds (0d 0h 0m 20s)

---------------  T H R E A D  ---------------

Current thread (0x000002a2200bc4c0):  JavaThread "C2 CompilerThread1" daemon [_thread_in_native, id=18396, stack(0x000000ac81b00000,0x000000ac81c00000)]


Current CompileTask:
C2:  20010 13482       4       org.jetbrains.kotlin.types.model.TypeSystemCommonSuperTypesContext::typeDepth (105 bytes)

Stack: [0x000000ac81b00000,0x000000ac81c00000]
Native frames: (J=compiled Java code, j=interpreted, Vv=VM code, C=native code)
V  [jvm.dll+0x683b4a]
V  [jvm.dll+0x842654]
V  [jvm.dll+0x843dfe]
V  [jvm.dll+0x844463]
V  [jvm.dll+0x249b75]
V  [jvm.dll+0xabcac]
V  [jvm.dll+0xac27c]
V  [jvm.dll+0x368857]
V  [jvm.dll+0x332f31]
V  [jvm.dll+0x3323da]
V  [jvm.dll+0x21c201]
V  [jvm.dll+0x21b621]
V  [jvm.dll+0x1a4fdd]
V  [jvm.dll+0x22b098]
V  [jvm.dll+0x229159]
V  [jvm.dll+0x7f809c]
V  [jvm.dll+0x7f25fa]
V  [jvm.dll+0x682985]
C  [ucrtbase.dll+0x21bb2]
C  [KERNEL32.DLL+0x17614]
C  [ntdll.dll+0x526a1]


---------------  P R O C E S S  ---------------

Threads class SMR info:
_java_thread_list=0x000002a2242b8f00, length=14, elements={
0x000002a27c7dc240, 0x000002a21c06dcc0, 0x000002a21c06edb0, 0x000002a21c0aaf90,
0x000002a21c0acb50, 0x000002a21c0af610, 0x000002a21c0c94e0, 0x000002a21c0ca270,
0x000002a21c0ce210, 0x000002a21c0d0c10, 0x000002a21c24e0f0, 0x000002a21c25fa90,
0x000002a2200bc4c0, 0x000002a21caba030
}

Java Threads: ( => current thread )
  0x000002a27c7dc240 JavaThread "main" [_thread_in_vm, id=16444, stack(0x000000acffd00000,0x000000acffe00000)]
  0x000002a21c06dcc0 JavaThread "Reference Handler" daemon [_thread_blocked, id=12064, stack(0x000000ac80400000,0x000000ac80500000)]
  0x000002a21c06edb0 JavaThread "Finalizer" daemon [_thread_blocked, id=16172, stack(0x000000ac80500000,0x000000ac80600000)]
  0x000002a21c0aaf90 JavaThread "Signal Dispatcher" daemon [_thread_blocked, id=5780, stack(0x000000ac80600000,0x000000ac80700000)]
  0x000002a21c0acb50 JavaThread "Attach Listener" daemon [_thread_blocked, id=11472, stack(0x000000ac80700000,0x000000ac80800000)]
  0x000002a21c0af610 JavaThread "Service Thread" daemon [_thread_blocked, id=17844, stack(0x000000ac80800000,0x000000ac80900000)]
  0x000002a21c0c94e0 JavaThread "Monitor Deflation Thread" daemon [_thread_blocked, id=7620, stack(0x000000ac80900000,0x000000ac80a00000)]
  0x000002a21c0ca270 JavaThread "C2 CompilerThread0" daemon [_thread_blocked, id=17296, stack(0x000000ac80a00000,0x000000ac80b00000)]
  0x000002a21c0ce210 JavaThread "C1 CompilerThread0" daemon [_thread_in_native, id=10464, stack(0x000000ac80b00000,0x000000ac80c00000)]
  0x000002a21c0d0c10 JavaThread "Sweeper thread" daemon [_thread_blocked, id=18172, stack(0x000000ac80c00000,0x000000ac80d00000)]
  0x000002a21c24e0f0 JavaThread "Notification Thread" daemon [_thread_blocked, id=13396, stack(0x000000ac80d00000,0x000000ac80e00000)]
  0x000002a21c25fa90 JavaThread "Common-Cleaner" daemon [_thread_blocked, id=18004, stack(0x000000ac80f00000,0x000000ac81000000)]
=>0x000002a2200bc4c0 JavaThread "C2 CompilerThread1" daemon [_thread_in_native, id=18396, stack(0x000000ac81b00000,0x000000ac81c00000)]
  0x000002a21caba030 JavaThread "C2 CompilerThread2" daemon [_thread_in_native, id=2768, stack(0x000000ac81c00000,0x000000ac81d00000)]

Other Threads:
  0x000002a21c064810 VMThread "VM Thread" [stack: 0x000000ac80300000,0x000000ac80400000] [id=17996]
  0x000002a21b0bf6f0 WatcherThread [stack: 0x000000ac80e00000,0x000000ac80f00000] [id=18160]
  0x000002a27c849970 GCTaskThread "GC Thread#0" [stack: 0x000000acffe00000,0x000000acfff00000] [id=32]
  0x000002a21c728760 GCTaskThread "GC Thread#1" [stack: 0x000000ac81000000,0x000000ac81100000] [id=17708]
  0x000002a21c728a10 GCTaskThread "GC Thread#2" [stack: 0x000000ac81100000,0x000000ac81200000] [id=4596]
  0x000002a21c728cc0 GCTaskThread "GC Thread#3" [stack: 0x000000ac81200000,0x000000ac81300000] [id=1316]
  0x000002a21c728f70 GCTaskThread "GC Thread#4" [stack: 0x000000ac81300000,0x000000ac81400000] [id=10832]
  0x000002a21c729220 GCTaskThread "GC Thread#5" [stack: 0x000000ac81400000,0x000000ac81500000] [id=15340]
  0x000002a21d6d5560 GCTaskThread "GC Thread#6" [stack: 0x000000ac81500000,0x000000ac81600000] [id=15892]
  0x000002a21d6d5ac0 GCTaskThread "GC Thread#7" [stack: 0x000000ac81600000,0x000000ac81700000] [id=8060]
  0x000002a21d6d62d0 GCTaskThread "GC Thread#8" [stack: 0x000000ac81700000,0x000000ac81800000] [id=2116]
  0x000002a21d6d5d70 GCTaskThread "GC Thread#9" [stack: 0x000000ac81800000,0x000000ac81900000] [id=17592]
  0x000002a27c85b780 ConcurrentGCThread "G1 Main Marker" [stack: 0x000000acfff00000,0x000000ad00000000] [id=1364]
  0x000002a27c85c930 ConcurrentGCThread "G1 Conc#0" [stack: 0x000000ac80000000,0x000000ac80100000] [id=5820]
  0x000002a21d6d6580 ConcurrentGCThread "G1 Conc#1" [stack: 0x000000ac81900000,0x000000ac81a00000] [id=16052]
  0x000002a21d6d6020 ConcurrentGCThread "G1 Conc#2" [stack: 0x000000ac81a00000,0x000000ac81b00000] [id=12252]
  0x000002a21af95e40 ConcurrentGCThread "G1 Refine#0" [stack: 0x000000ac80100000,0x000000ac80200000] [id=17116]
  0x000002a220ea1f40 ConcurrentGCThread "G1 Refine#1" [stack: 0x000000ac81d00000,0x000000ac81e00000] [id=17452]
  0x000002a21af96670 ConcurrentGCThread "G1 Service" [stack: 0x000000ac80200000,0x000000ac80300000] [id=12044]

Threads with active compile tasks:
C1 CompilerThread0    20038 13690       3       org.jetbrains.kotlin.backend.jvm.lower.BridgeLoweringKt::resolvesToClass (28 bytes)
C2 CompilerThread1    20038 13482       4       org.jetbrains.kotlin.types.model.TypeSystemCommonSuperTypesContext::typeDepth (105 bytes)
C2 CompilerThread2    20038 13484       4       org.jetbrains.kotlin.types.checker.ClassicTypeSystemContext$DefaultImpls::typeDepth (273 bytes)

VM state: not at safepoint (normal execution)

VM Mutex/Monitor currently owned by a thread: None

Heap address: 0x0000000701400000, size: 4076 MB, Compressed Oops mode: Zero based, Oop shift amount: 3

CDS archive(s) not mapped
Compressed class space mapped at: 0x0000000800000000-0x0000000840000000, reserved size: 1073741824
Narrow klass base: 0x0000000800000000, Narrow klass shift: 0, Narrow klass range: 0x40000000

GC Precious Log:
 CPUs: 12 total, 12 available
 Memory: 16303M
 Large Page Support: Disabled
 NUMA Support: Disabled
 Compressed Oops: Enabled (Zero based)
 Heap Region Size: 2M
 Heap Min Capacity: 8M
 Heap Initial Capacity: 256M
 Heap Max Capacity: 4076M
 Pre-touch: Disabled
 Parallel Workers: 10
 Concurrent Workers: 3
 Concurrent Refinement Workers: 10
 Periodic GC: Disabled

Heap:
 garbage-first heap   total 194560K, used 146714K [0x0000000701400000, 0x0000000800000000)
  region size 2048K, 37 young (75776K), 4 survivors (8192K)
 Metaspace       used 79600K, committed 80064K, reserved 1122304K
  class space    used 8778K, committed 9024K, reserved 1048576K

Heap Regions: E=young(eden), S=young(survivor), O=old, HS=humongous(starts), HC=humongous(continues), CS=collection set, F=free, OA=open archive, CA=closed archive, TAMS=top-at-mark-start (previous, next)
|   0|0x0000000701400000, 0x0000000701600000, 0x0000000701600000|100%|HS|  |TAMS 0x0000000701600000, 0x0000000701400000| Complete 
|   1|0x0000000701600000, 0x0000000701800000, 0x0000000701800000|100%|HC|  |TAMS 0x0000000701800000, 0x0000000701600000| Complete 
|   2|0x0000000701800000, 0x0000000701a00000, 0x0000000701a00000|100%| O|  |TAMS 0x0000000701a00000, 0x0000000701800000| Untracked 
|   3|0x0000000701a00000, 0x0000000701c00000, 0x0000000701c00000|100%|HS|  |TAMS 0x0000000701c00000, 0x0000000701a00000| Complete 
|   4|0x0000000701c00000, 0x0000000701e00000, 0x0000000701e00000|100%|HC|  |TAMS 0x0000000701e00000, 0x0000000701c00000| Complete 
|   5|0x0000000701e00000, 0x0000000702000000, 0x0000000702000000|100%| O|  |TAMS 0x0000000702000000, 0x0000000701e00000| Untracked 
|   6|0x0000000702000000, 0x0000000702200000, 0x0000000702200000|100%| O|  |TAMS 0x0000000702200000, 0x0000000702000000| Untracked 
|   7|0x0000000702200000, 0x0000000702400000, 0x0000000702400000|100%| O|  |TAMS 0x0000000702400000, 0x0000000702200000| Untracked 
|   8|0x0000000702400000, 0x0000000702600000, 0x0000000702600000|100%| O|  |TAMS 0x0000000702600000, 0x0000000702400000| Untracked 
|   9|0x0000000702600000, 0x0000000702800000, 0x0000000702800000|100%| O|  |TAMS 0x0000000702800000, 0x0000000702600000| Untracked 
|  10|0x0000000702800000, 0x00000007029e4400, 0x0000000702a00000| 94%| O|  |TAMS 0x00000007029e4400, 0x0000000702800000| Untracked 
|  11|0x0000000702a00000, 0x0000000702c00000, 0x0000000702c00000|100%|HS|  |TAMS 0x0000000702c00000, 0x0000000702a00000| Complete 
|  12|0x0000000702c00000, 0x0000000702e00000, 0x0000000702e00000|100%| O|  |TAMS 0x0000000702e00000, 0x0000000702c00000| Untracked 
|  13|0x0000000702e00000, 0x0000000703000000, 0x0000000703000000|100%| O|  |TAMS 0x0000000703000000, 0x0000000702e00000| Untracked 
|  14|0x0000000703000000, 0x0000000703200000, 0x0000000703200000|100%| O|  |TAMS 0x0000000703200000, 0x0000000703000000| Untracked 
|  15|0x0000000703200000, 0x0000000703400000, 0x0000000703400000|100%| O|  |TAMS 0x0000000703400000, 0x0000000703200000| Untracked 
|  16|0x0000000703400000, 0x0000000703600000, 0x0000000703600000|100%| O|  |TAMS 0x0000000703600000, 0x0000000703400000| Untracked 
|  17|0x0000000703600000, 0x0000000703800000, 0x0000000703800000|100%| O|  |TAMS 0x0000000703800000, 0x0000000703600000| Untracked 
|  18|0x0000000703800000, 0x0000000703a00000, 0x0000000703a00000|100%| O|  |TAMS 0x0000000703a00000, 0x0000000703800000| Untracked 
|  19|0x0000000703a00000, 0x0000000703c00000, 0x0000000703c00000|100%| O|  |TAMS 0x0000000703c00000, 0x0000000703a00000| Untracked 
|  20|0x0000000703c00000, 0x0000000703e00000, 0x0000000703e00000|100%| O|  |TAMS 0x0000000703e00000, 0x0000000703c00000| Untracked 
|  21|0x0000000703e00000, 0x0000000704000000, 0x0000000704000000|100%| O|  |TAMS 0x0000000704000000, 0x0000000703e00000| Untracked 
|  22|0x0000000704000000, 0x0000000704200000, 0x0000000704200000|100%| O|  |TAMS 0x00000007041b0800, 0x0000000704000000| Untracked 
|  23|0x0000000704200000, 0x0000000704400000, 0x0000000704400000|100%| O|  |TAMS 0x0000000704200000, 0x0000000704200000| Untracked 
|  24|0x0000000704400000, 0x0000000704600000, 0x0000000704600000|100%| O|  |TAMS 0x0000000704400000, 0x0000000704400000| Untracked 
|  25|0x0000000704600000, 0x0000000704800000, 0x0000000704800000|100%| O|  |TAMS 0x0000000704600000, 0x0000000704600000| Untracked 
|  26|0x0000000704800000, 0x0000000704a00000, 0x0000000704a00000|100%| O|  |TAMS 0x0000000704800000, 0x0000000704800000| Untracked 
|  27|0x0000000704a00000, 0x0000000704c00000, 0x0000000704c00000|100%| O|  |TAMS 0x0000000704a00000, 0x0000000704a00000| Untracked 
|  28|0x0000000704c00000, 0x0000000704e00000, 0x0000000704e00000|100%|HS|  |TAMS 0x0000000704c00000, 0x0000000704c00000| Complete 
|  29|0x0000000704e00000, 0x0000000705000000, 0x0000000705000000|100%| O|  |TAMS 0x0000000704e00000, 0x0000000704e00000| Untracked 
|  30|0x0000000705000000, 0x0000000705200000, 0x0000000705200000|100%| O|  |TAMS 0x0000000705000000, 0x0000000705000000| Untracked 
|  31|0x0000000705200000, 0x0000000705400000, 0x0000000705400000|100%| O|  |TAMS 0x0000000705200000, 0x0000000705200000| Untracked 
|  32|0x0000000705400000, 0x0000000705600000, 0x0000000705600000|100%| O|  |TAMS 0x0000000705400000, 0x0000000705400000| Untracked 
|  33|0x0000000705600000, 0x0000000705800000, 0x0000000705800000|100%| O|  |TAMS 0x0000000705600000, 0x0000000705600000| Untracked 
|  34|0x0000000705800000, 0x0000000705a00000, 0x0000000705a00000|100%| O|  |TAMS 0x0000000705800000, 0x0000000705800000| Untracked 
|  35|0x0000000705a00000, 0x0000000705b62400, 0x0000000705c00000| 69%| O|  |TAMS 0x0000000705a00000, 0x0000000705a00000| Untracked 
|  36|0x0000000705c00000, 0x0000000705c00000, 0x0000000705e00000|  0%| F|  |TAMS 0x0000000705c00000, 0x0000000705c00000| Untracked 
|  37|0x0000000705e00000, 0x0000000705e00000, 0x0000000706000000|  0%| F|  |TAMS 0x0000000705e00000, 0x0000000705e00000| Untracked 
|  38|0x0000000706000000, 0x0000000706000000, 0x0000000706200000|  0%| F|  |TAMS 0x0000000706000000, 0x0000000706000000| Untracked 
|  39|0x0000000706200000, 0x0000000706200000, 0x0000000706400000|  0%| F|  |TAMS 0x0000000706200000, 0x0000000706200000| Untracked 
|  40|0x0000000706400000, 0x0000000706400000, 0x0000000706600000|  0%| F|  |TAMS 0x0000000706400000, 0x0000000706400000| Untracked 
|  41|0x0000000706600000, 0x0000000706600000, 0x0000000706800000|  0%| F|  |TAMS 0x0000000706600000, 0x0000000706600000| Untracked 
|  42|0x0000000706800000, 0x0000000706800000, 0x0000000706a00000|  0%| F|  |TAMS 0x0000000706800000, 0x0000000706800000| Untracked 
|  43|0x0000000706a00000, 0x0000000706a00000, 0x0000000706c00000|  0%| F|  |TAMS 0x0000000706a00000, 0x0000000706a00000| Untracked 
|  44|0x0000000706c00000, 0x0000000706c00000, 0x0000000706e00000|  0%| F|  |TAMS 0x0000000706c00000, 0x0000000706c00000| Untracked 
|  45|0x0000000706e00000, 0x0000000706e00000, 0x0000000707000000|  0%| F|  |TAMS 0x0000000706e00000, 0x0000000706e00000| Untracked 
|  46|0x0000000707000000, 0x0000000707000000, 0x0000000707200000|  0%| F|  |TAMS 0x0000000707000000, 0x0000000707000000| Untracked 
|  47|0x0000000707200000, 0x0000000707200000, 0x0000000707400000|  0%| F|  |TAMS 0x0000000707200000, 0x0000000707200000| Untracked 
|  48|0x0000000707400000, 0x0000000707600000, 0x0000000707600000|100%| S|CS|TAMS 0x0000000707400000, 0x0000000707400000| Complete 
|  49|0x0000000707600000, 0x0000000707800000, 0x0000000707800000|100%| S|CS|TAMS 0x0000000707600000, 0x0000000707600000| Complete 
|  50|0x0000000707800000, 0x0000000707a00000, 0x0000000707a00000|100%| S|CS|TAMS 0x0000000707800000, 0x0000000707800000| Complete 
|  51|0x0000000707a00000, 0x0000000707c00000, 0x0000000707c00000|100%| S|CS|TAMS 0x0000000707a00000, 0x0000000707a00000| Complete 
|  52|0x0000000707c00000, 0x0000000707c00000, 0x0000000707e00000|  0%| F|  |TAMS 0x0000000707c00000, 0x0000000707c00000| Untracked 
|  53|0x0000000707e00000, 0x0000000707e00000, 0x0000000708000000|  0%| F|  |TAMS 0x0000000707e00000, 0x0000000707e00000| Untracked 
|  54|0x0000000708000000, 0x0000000708000000, 0x0000000708200000|  0%| F|  |TAMS 0x0000000708000000, 0x0000000708000000| Untracked 
|  55|0x0000000708200000, 0x0000000708200000, 0x0000000708400000|  0%| F|  |TAMS 0x0000000708200000, 0x0000000708200000| Untracked 
|  56|0x0000000708400000, 0x0000000708400000, 0x0000000708600000|  0%| F|  |TAMS 0x0000000708400000, 0x0000000708400000| Untracked 
|  57|0x0000000708600000, 0x0000000708600000, 0x0000000708800000|  0%| F|  |TAMS 0x0000000708600000, 0x0000000708600000| Untracked 
|  58|0x0000000708800000, 0x0000000708800000, 0x0000000708a00000|  0%| F|  |TAMS 0x0000000708800000, 0x0000000708800000| Untracked 
|  59|0x0000000708a00000, 0x0000000708a00000, 0x0000000708c00000|  0%| F|  |TAMS 0x0000000708a00000, 0x0000000708a00000| Untracked 
|  60|0x0000000708c00000, 0x0000000708c00000, 0x0000000708e00000|  0%| F|  |TAMS 0x0000000708c00000, 0x0000000708c00000| Untracked 
|  61|0x0000000708e00000, 0x0000000708e00000, 0x0000000709000000|  0%| F|  |TAMS 0x0000000708e00000, 0x0000000708e00000| Untracked 
|  62|0x0000000709000000, 0x0000000709200000, 0x0000000709200000|100%| E|  |TAMS 0x0000000709000000, 0x0000000709000000| Complete 
|  63|0x0000000709200000, 0x0000000709400000, 0x0000000709400000|100%| E|CS|TAMS 0x0000000709200000, 0x0000000709200000| Complete 
|  64|0x0000000709400000, 0x0000000709600000, 0x0000000709600000|100%| E|CS|TAMS 0x0000000709400000, 0x0000000709400000| Complete 
|  65|0x0000000709600000, 0x0000000709800000, 0x0000000709800000|100%| E|CS|TAMS 0x0000000709600000, 0x0000000709600000| Complete 
|  66|0x0000000709800000, 0x0000000709a00000, 0x0000000709a00000|100%| E|CS|TAMS 0x0000000709800000, 0x0000000709800000| Complete 
|  67|0x0000000709a00000, 0x0000000709c00000, 0x0000000709c00000|100%| E|CS|TAMS 0x0000000709a00000, 0x0000000709a00000| Complete 
|  68|0x0000000709c00000, 0x0000000709e00000, 0x0000000709e00000|100%| E|CS|TAMS 0x0000000709c00000, 0x0000000709c00000| Complete 
|  69|0x0000000709e00000, 0x000000070a000000, 0x000000070a000000|100%| E|CS|TAMS 0x0000000709e00000, 0x0000000709e00000| Complete 
|  70|0x000000070a000000, 0x000000070a200000, 0x000000070a200000|100%| E|CS|TAMS 0x000000070a000000, 0x000000070a000000| Complete 
|  71|0x000000070a200000, 0x000000070a400000, 0x000000070a400000|100%| E|CS|TAMS 0x000000070a200000, 0x000000070a200000| Complete 
|  72|0x000000070a400000, 0x000000070a600000, 0x000000070a600000|100%| E|CS|TAMS 0x000000070a400000, 0x000000070a400000| Complete 
|  73|0x000000070a600000, 0x000000070a800000, 0x000000070a800000|100%| E|CS|TAMS 0x000000070a600000, 0x000000070a600000| Complete 
|  74|0x000000070a800000, 0x000000070aa00000, 0x000000070aa00000|100%| E|CS|TAMS 0x000000070a800000, 0x000000070a800000| Complete 
|  75|0x000000070aa00000, 0x000000070ac00000, 0x000000070ac00000|100%| E|CS|TAMS 0x000000070aa00000, 0x000000070aa00000| Complete 
|  76|0x000000070ac00000, 0x000000070ae00000, 0x000000070ae00000|100%| E|CS|TAMS 0x000000070ac00000, 0x000000070ac00000| Complete 
|  77|0x000000070ae00000, 0x000000070b000000, 0x000000070b000000|100%| E|CS|TAMS 0x000000070ae00000, 0x000000070ae00000| Complete 
|  78|0x000000070b000000, 0x000000070b200000, 0x000000070b200000|100%| E|CS|TAMS 0x000000070b000000, 0x000000070b000000| Complete 
|  79|0x000000070b200000, 0x000000070b400000, 0x000000070b400000|100%| E|CS|TAMS 0x000000070b200000, 0x000000070b200000| Complete 
|  80|0x000000070b400000, 0x000000070b600000, 0x000000070b600000|100%| E|CS|TAMS 0x000000070b400000, 0x000000070b400000| Complete 
|  81|0x000000070b600000, 0x000000070b800000, 0x000000070b800000|100%| E|CS|TAMS 0x000000070b600000, 0x000000070b600000| Complete 
|  82|0x000000070b800000, 0x000000070ba00000, 0x000000070ba00000|100%| E|CS|TAMS 0x000000070b800000, 0x000000070b800000| Complete 
|  83|0x000000070ba00000, 0x000000070bc00000, 0x000000070bc00000|100%| E|CS|TAMS 0x000000070ba00000, 0x000000070ba00000| Complete 
|  84|0x000000070bc00000, 0x000000070be00000, 0x000000070be00000|100%| E|CS|TAMS 0x000000070bc00000, 0x000000070bc00000| Complete 
|  85|0x000000070be00000, 0x000000070c000000, 0x000000070c000000|100%| E|CS|TAMS 0x000000070be00000, 0x000000070be00000| Complete 
|  86|0x000000070c000000, 0x000000070c200000, 0x000000070c200000|100%| E|CS|TAMS 0x000000070c000000, 0x000000070c000000| Complete 
|  87|0x000000070c200000, 0x000000070c400000, 0x000000070c400000|100%| E|CS|TAMS 0x000000070c200000, 0x000000070c200000| Complete 
|  88|0x000000070c400000, 0x000000070c600000, 0x000000070c600000|100%| E|CS|TAMS 0x000000070c400000, 0x000000070c400000| Complete 
|  89|0x000000070c600000, 0x000000070c800000, 0x000000070c800000|100%| E|CS|TAMS 0x000000070c600000, 0x000000070c600000| Complete 
|  90|0x000000070c800000, 0x000000070ca00000, 0x000000070ca00000|100%| E|CS|TAMS 0x000000070c800000, 0x000000070c800000| Complete 
|  91|0x000000070ca00000, 0x000000070cc00000, 0x000000070cc00000|100%| E|CS|TAMS 0x000000070ca00000, 0x000000070ca00000| Complete 
|  92|0x000000070cc00000, 0x000000070ce00000, 0x000000070ce00000|100%| E|CS|TAMS 0x000000070cc00000, 0x000000070cc00000| Complete 
|  93|0x000000070ce00000, 0x000000070d000000, 0x000000070d000000|100%| E|CS|TAMS 0x000000070ce00000, 0x000000070ce00000| Complete 
| 127|0x0000000711200000, 0x0000000711400000, 0x0000000711400000|100%| E|CS|TAMS 0x0000000711200000, 0x0000000711200000| Complete 

Card table byte_map: [0x000002a20fa20000,0x000002a210220000] _byte_map_base: 0x000002a20c216000

Marking Bits (Prev, Next): (CMBitMap*) 0x000002a27c849fc0, (CMBitMap*) 0x000002a27c849f80
 Prev Bits: [0x000002a2149d0000, 0x000002a218980000)
 Next Bits: [0x000002a210a20000, 0x000002a2149d0000)

Polling page: 0x000002a27a720000

Metaspace:

Usage:
  Non-class:     69.17 MB used.
      Class:      8.57 MB used.
       Both:     77.75 MB used.

Virtual space:
  Non-class space:       72.00 MB reserved,      69.38 MB ( 96%) committed,  9 nodes.
      Class space:        1.00 GB reserved,       8.81 MB ( <1%) committed,  1 nodes.
             Both:        1.07 GB reserved,      78.19 MB (  7%) committed. 

Chunk freelists:
   Non-Class:  2.53 MB
       Class:  3.17 MB
        Both:  5.70 MB

MaxMetaspaceSize: unlimited
CompressedClassSpaceSize: 1.00 GB
Initial GC threshold: 21.00 MB
Current GC threshold: 98.75 MB
CDS: off
MetaspaceReclaimPolicy: balanced
 - commit_granule_bytes: 65536.
 - commit_granule_words: 8192.
 - virtual_space_node_default_size: 1048576.
 - enlarge_chunks_in_place: 1.
 - new_chunks_are_fully_committed: 0.
 - uncommit_free_chunks: 1.
 - use_allocation_guard: 0.
 - handle_deallocations: 1.


Internal statistics:

num_allocs_failed_limit: 9.
num_arena_births: 710.
num_arena_deaths: 0.
num_vsnodes_births: 10.
num_vsnodes_deaths: 0.
num_space_committed: 1249.
num_space_uncommitted: 0.
num_chunks_returned_to_freelist: 9.
num_chunks_taken_from_freelist: 3407.
num_chunk_merges: 9.
num_chunk_splits: 2581.
num_chunks_enlarged: 2057.
num_purges: 0.
num_inconsistent_stats: 0.

CodeHeap 'non-profiled nmethods': size=120000Kb used=6154Kb max_used=6154Kb free=113845Kb
 bounds [0x000002a207ad0000, 0x000002a2080e0000, 0x000002a20f000000]
CodeHeap 'profiled nmethods': size=120000Kb used=32363Kb max_used=32363Kb free=87636Kb
 bounds [0x000002a200000000, 0x000002a201fa0000, 0x000002a207530000]
CodeHeap 'non-nmethods': size=5760Kb used=1408Kb max_used=1525Kb free=4351Kb
 bounds [0x000002a207530000, 0x000002a2077a0000, 0x000002a207ad0000]
 total_blobs=12403 nmethods=11668 adapters=644
 compilation: enabled
              stopped_count=0, restarted_count=0
 full_count=0

Compilation events (20 events):
Event: 19.998 Thread 0x000002a21c0ce210 nmethod 13646 0x000002a201f6dc10 code [0x000002a201f6de20, 0x000002a201f6e4a8]
Event: 19.998 Thread 0x000002a21c0ce210 13648       1       org.jetbrains.kotlin.backend.common.phaser.PhaserState::setDepth (6 bytes)
Event: 19.998 Thread 0x000002a21c0ce210 nmethod 13648 0x000002a2080ccc90 code [0x000002a2080cce20, 0x000002a2080ccef8]
Event: 19.998 Thread 0x000002a21c0ce210 13649       1       org.jetbrains.kotlin.backend.common.phaser.PhaseConfig::getCheckConditions (5 bytes)
Event: 19.999 Thread 0x000002a21c0ca270 nmethod 13651 0x000002a2080ccf90 code [0x000002a2080cd120, 0x000002a2080cd308]
Event: 19.999 Thread 0x000002a21c0ce210 nmethod 13649 0x000002a2080cd590 code [0x000002a2080cd720, 0x000002a2080cd7f8]
Event: 19.999 Thread 0x000002a21c0ca270 13652       4       org.jetbrains.kotlin.backend.common.ClassLoweringVisitor::visitElement (15 bytes)
Event: 20.000 Thread 0x000002a21c0ca270 nmethod 13652 0x000002a2080cd890 code [0x000002a2080cda00, 0x000002a2080cdab8]
Event: 20.000 Thread 0x000002a21c0ca270 13653       4       org.jetbrains.kotlin.backend.common.IrElementTransformerVoidWithContext::visitFunction (38 bytes)
Event: 20.002 Thread 0x000002a21c0ce210 13655       3       org.jetbrains.kotlin.backend.common.ClassLoweringVisitor::visitMemberAccess (6 bytes)
Event: 20.003 Thread 0x000002a21c0ce210 nmethod 13655 0x000002a201f6e710 code [0x000002a201f6ea00, 0x000002a201f6f788]
Event: 20.003 Thread 0x000002a21c0ce210 13656       3       org.jetbrains.kotlin.backend.jvm.lower.StaticInitializersLowering$lower$staticInitializerStatements$1::invoke (9 bytes)
Event: 20.003 Thread 0x000002a21c0ce210 nmethod 13656 0x000002a201f6fc90 code [0x000002a201f6fe40, 0x000002a201f70088]
Event: 20.003 Thread 0x000002a21c0ce210 13657       3       org.jetbrains.kotlin.backend.jvm.lower.StaticInitializersLowering$lower$staticInitializerStatements$1::invoke (59 bytes)
Event: 20.004 Thread 0x000002a21c0ce210 nmethod 13657 0x000002a201f70190 code [0x000002a201f70420, 0x000002a201f712a8]
Event: 20.007 Thread 0x000002a21c0ce210 13658       1       org.jetbrains.kotlin.ir.declarations.impl.IrValueParameterImpl::getName (5 bytes)
Event: 20.007 Thread 0x000002a21c0ce210 nmethod 13658 0x000002a2080cdb90 code [0x000002a2080cdd20, 0x000002a2080cddf8]
Event: 20.007 Thread 0x000002a21c0ce210 13659       3       org.jetbrains.kotlin.backend.jvm.lower.UniqueLoopLabelsLowering$lower$1::visitElement (13 bytes)
Event: 20.007 Thread 0x000002a21c0ce210 nmethod 13659 0x000002a201f71610 code [0x000002a201f717c0, 0x000002a201f71a08]
Event: 20.007 Thread 0x000002a21c0ce210 13660       3       org.jetbrains.kotlin.backend.jvm.lower.UniqueLoopLabelsLowering$lower$1::visitElement (65 bytes)

GC Heap History (20 events):
Event: 6.866 GC heap before
{Heap before GC invocations=10 (full 0):
 garbage-first heap   total 96256K, used 31817K [0x0000000701400000, 0x0000000800000000)
  region size 2048K, 5 young (10240K), 4 survivors (8192K)
 Metaspace       used 47790K, committed 48064K, reserved 1097728K
  class space    used 5742K, committed 5888K, reserved 1048576K
}
Event: 6.884 GC heap after
{Heap after GC invocations=11 (full 0):
 garbage-first heap   total 96256K, used 30244K [0x0000000701400000, 0x0000000800000000)
  region size 2048K, 1 young (2048K), 1 survivors (2048K)
 Metaspace       used 47790K, committed 48064K, reserved 1097728K
  class space    used 5742K, committed 5888K, reserved 1048576K
}
Event: 7.830 GC heap before
{Heap before GC invocations=11 (full 0):
 garbage-first heap   total 96256K, used 71204K [0x0000000701400000, 0x0000000800000000)
  region size 2048K, 20 young (40960K), 1 survivors (2048K)
 Metaspace       used 50370K, committed 50624K, reserved 1097728K
  class space    used 6031K, committed 6144K, reserved 1048576K
}
Event: 7.843 GC heap after
{Heap after GC invocations=12 (full 0):
 garbage-first heap   total 96256K, used 35220K [0x0000000701400000, 0x0000000800000000)
  region size 2048K, 2 young (4096K), 2 survivors (4096K)
 Metaspace       used 50370K, committed 50624K, reserved 1097728K
  class space    used 6031K, committed 6144K, reserved 1048576K
}
Event: 9.655 GC heap before
{Heap before GC invocations=12 (full 0):
 garbage-first heap   total 96256K, used 70036K [0x0000000701400000, 0x0000000800000000)
  region size 2048K, 19 young (38912K), 2 survivors (4096K)
 Metaspace       used 54511K, committed 54784K, reserved 1097728K
  class space    used 6464K, committed 6592K, reserved 1048576K
}
Event: 9.676 GC heap after
{Heap after GC invocations=13 (full 0):
 garbage-first heap   total 96256K, used 40432K [0x0000000701400000, 0x0000000800000000)
  region size 2048K, 3 young (6144K), 3 survivors (6144K)
 Metaspace       used 54511K, committed 54784K, reserved 1097728K
  class space    used 6464K, committed 6592K, reserved 1048576K
}
Event: 10.544 GC heap before
{Heap before GC invocations=13 (full 0):
 garbage-first heap   total 96256K, used 71152K [0x0000000701400000, 0x0000000800000000)
  region size 2048K, 18 young (36864K), 3 survivors (6144K)
 Metaspace       used 55877K, committed 56128K, reserved 1105920K
  class space    used 6537K, committed 6656K, reserved 1048576K
}
Event: 10.564 GC heap after
{Heap after GC invocations=14 (full 0):
 garbage-first heap   total 161792K, used 46543K [0x0000000701400000, 0x0000000800000000)
  region size 2048K, 3 young (6144K), 3 survivors (6144K)
 Metaspace       used 55877K, committed 56128K, reserved 1105920K
  class space    used 6537K, committed 6656K, reserved 1048576K
}
Event: 11.857 GC heap before
{Heap before GC invocations=14 (full 0):
 garbage-first heap   total 161792K, used 110031K [0x0000000701400000, 0x0000000800000000)
  region size 2048K, 34 young (69632K), 3 survivors (6144K)
 Metaspace       used 58675K, committed 59008K, reserved 1105920K
  class space    used 6869K, committed 7040K, reserved 1048576K
}
Event: 11.878 GC heap after
{Heap after GC invocations=15 (full 0):
 garbage-first heap   total 161792K, used 56303K [0x0000000701400000, 0x0000000800000000)
  region size 2048K, 5 young (10240K), 5 survivors (10240K)
 Metaspace       used 58675K, committed 59008K, reserved 1105920K
  class space    used 6869K, committed 7040K, reserved 1048576K
}
Event: 12.617 GC heap before
{Heap before GC invocations=15 (full 0):
 garbage-first heap   total 161792K, used 74735K [0x0000000701400000, 0x0000000800000000)
  region size 2048K, 15 young (30720K), 5 survivors (10240K)
 Metaspace       used 60177K, committed 60480K, reserved 1105920K
  class space    used 6994K, committed 7168K, reserved 1048576K
}
Event: 12.632 GC heap after
{Heap after GC invocations=16 (full 0):
 garbage-first heap   total 161792K, used 59393K [0x0000000701400000, 0x0000000800000000)
  region size 2048K, 2 young (4096K), 2 survivors (4096K)
 Metaspace       used 60177K, committed 60480K, reserved 1105920K
  class space    used 6994K, committed 7168K, reserved 1048576K
}
Event: 14.502 GC heap before
{Heap before GC invocations=17 (full 0):
 garbage-first heap   total 161792K, used 114689K [0x0000000701400000, 0x0000000800000000)
  region size 2048K, 29 young (59392K), 2 survivors (4096K)
 Metaspace       used 62892K, committed 63232K, reserved 1105920K
  class space    used 7152K, committed 7296K, reserved 1048576K
}
Event: 14.518 GC heap after
{Heap after GC invocations=18 (full 0):
 garbage-first heap   total 161792K, used 64030K [0x0000000701400000, 0x0000000800000000)
  region size 2048K, 4 young (8192K), 4 survivors (8192K)
 Metaspace       used 62892K, committed 63232K, reserved 1105920K
  class space    used 7152K, committed 7296K, reserved 1048576K
}
Event: 15.801 GC heap before
{Heap before GC invocations=18 (full 0):
 garbage-first heap   total 161792K, used 121374K [0x0000000701400000, 0x0000000800000000)
  region size 2048K, 31 young (63488K), 4 survivors (8192K)
 Metaspace       used 63962K, committed 64256K, reserved 1105920K
  class space    used 7178K, committed 7296K, reserved 1048576K
}
Event: 15.819 GC heap after
{Heap after GC invocations=19 (full 0):
 garbage-first heap   total 161792K, used 71670K [0x0000000701400000, 0x0000000800000000)
  region size 2048K, 3 young (6144K), 3 survivors (6144K)
 Metaspace       used 63962K, committed 64256K, reserved 1105920K
  class space    used 7178K, committed 7296K, reserved 1048576K
}
Event: 16.953 GC heap before
{Heap before GC invocations=19 (full 0):
 garbage-first heap   total 161792K, used 120822K [0x0000000701400000, 0x0000000800000000)
  region size 2048K, 28 young (57344K), 3 survivors (6144K)
 Metaspace       used 65779K, committed 66240K, reserved 1114112K
  class space    used 7378K, committed 7616K, reserved 1048576K
}
Event: 16.967 GC heap after
{Heap after GC invocations=20 (full 0):
 garbage-first heap   total 161792K, used 75610K [0x0000000701400000, 0x0000000800000000)
  region size 2048K, 2 young (4096K), 2 survivors (4096K)
 Metaspace       used 65779K, committed 66240K, reserved 1114112K
  class space    used 7378K, committed 7616K, reserved 1048576K
}
Event: 18.400 GC heap before
{Heap before GC invocations=20 (full 0):
 garbage-first heap   total 161792K, used 126810K [0x0000000701400000, 0x0000000800000000)
  region size 2048K, 27 young (55296K), 2 survivors (4096K)
 Metaspace       used 71674K, committed 72128K, reserved 1114112K
  class space    used 7955K, committed 8192K, reserved 1048576K
}
Event: 18.415 GC heap after
{Heap after GC invocations=21 (full 0):
 garbage-first heap   total 194560K, used 81178K [0x0000000701400000, 0x0000000800000000)
  region size 2048K, 4 young (8192K), 4 survivors (8192K)
 Metaspace       used 71674K, committed 72128K, reserved 1114112K
  class space    used 7955K, committed 8192K, reserved 1048576K
}

Dll operation events (2 events):
Event: 0.013 Loaded shared library D:\Android\Android studio\jbr\bin\java.dll
Event: 1.927 Loaded shared library D:\Android\Android studio\jbr\bin\verify.dll

Deoptimization events (20 events):
Event: 19.843 Thread 0x000002a27c7dc240 Uncommon trap: trap_request=0xffffffde fr.pc=0x000002a207c1c16c relative=0x00000000000006ac
Event: 19.843 Thread 0x000002a27c7dc240 Uncommon trap: reason=class_check action=maybe_recompile pc=0x000002a207c1c16c method=java.lang.AbstractStringBuilder.append(Ljava/lang/CharSequence;)Ljava/lang/AbstractStringBuilder; @ 10 c2
Event: 19.843 Thread 0x000002a27c7dc240 DEOPT PACKING pc=0x000002a207c1c16c sp=0x000000acffdfcfd0
Event: 19.843 Thread 0x000002a27c7dc240 DEOPT UNPACKING pc=0x000002a2075869a3 sp=0x000000acffdfcfc0 mode 2
Event: 19.891 Thread 0x000002a27c7dc240 Uncommon trap: trap_request=0xffffffc6 fr.pc=0x000002a20808cb60 relative=0x0000000000000120
Event: 19.891 Thread 0x000002a27c7dc240 Uncommon trap: reason=bimorphic_or_optimized_type_check action=maybe_recompile pc=0x000002a20808cb60 method=org.jetbrains.kotlin.ir.visitors.IrElementVisitorVoid$DefaultImpls.visitValueParameter(Lorg/jetbrains/kotlin/ir/visitors/IrElementVisitorVoid;Lorg/
Event: 19.891 Thread 0x000002a27c7dc240 DEOPT PACKING pc=0x000002a20808cb60 sp=0x000000acffdfdf00
Event: 19.891 Thread 0x000002a27c7dc240 DEOPT UNPACKING pc=0x000002a2075869a3 sp=0x000000acffdfdea8 mode 2
Event: 19.891 Thread 0x000002a27c7dc240 Uncommon trap: trap_request=0xffffffc6 fr.pc=0x000002a20808d260 relative=0x0000000000000120
Event: 19.891 Thread 0x000002a27c7dc240 Uncommon trap: reason=bimorphic_or_optimized_type_check action=maybe_recompile pc=0x000002a20808d260 method=org.jetbrains.kotlin.ir.visitors.IrElementVisitorVoid$DefaultImpls.visitValueParameter(Lorg/jetbrains/kotlin/ir/visitors/IrElementVisitorVoid;Lorg/
Event: 19.891 Thread 0x000002a27c7dc240 DEOPT PACKING pc=0x000002a20808d260 sp=0x000000acffdfde20
Event: 19.891 Thread 0x000002a27c7dc240 DEOPT UNPACKING pc=0x000002a2075869a3 sp=0x000000acffdfddc8 mode 2
Event: 19.891 Thread 0x000002a27c7dc240 Uncommon trap: trap_request=0xffffffc6 fr.pc=0x000002a20808d260 relative=0x0000000000000120
Event: 19.891 Thread 0x000002a27c7dc240 Uncommon trap: reason=bimorphic_or_optimized_type_check action=maybe_recompile pc=0x000002a20808d260 method=org.jetbrains.kotlin.ir.visitors.IrElementVisitorVoid$DefaultImpls.visitValueParameter(Lorg/jetbrains/kotlin/ir/visitors/IrElementVisitorVoid;Lorg/
Event: 19.891 Thread 0x000002a27c7dc240 DEOPT PACKING pc=0x000002a20808d260 sp=0x000000acffdfdaa0
Event: 19.891 Thread 0x000002a27c7dc240 DEOPT UNPACKING pc=0x000002a2075869a3 sp=0x000000acffdfda48 mode 2
Event: 19.891 Thread 0x000002a27c7dc240 Uncommon trap: trap_request=0xffffffc6 fr.pc=0x000002a20808d260 relative=0x0000000000000120
Event: 19.892 Thread 0x000002a27c7dc240 Uncommon trap: reason=bimorphic_or_optimized_type_check action=maybe_recompile pc=0x000002a20808d260 method=org.jetbrains.kotlin.ir.visitors.IrElementVisitorVoid$DefaultImpls.visitValueParameter(Lorg/jetbrains/kotlin/ir/visitors/IrElementVisitorVoid;Lorg/
Event: 19.892 Thread 0x000002a27c7dc240 DEOPT PACKING pc=0x000002a20808d260 sp=0x000000acffdfdaa0
Event: 19.892 Thread 0x000002a27c7dc240 DEOPT UNPACKING pc=0x000002a2075869a3 sp=0x000000acffdfda48 mode 2

Classes unloaded (0 events):
No events

Classes redefined (0 events):
No events

Internal exceptions (20 events):
Event: 12.730 Thread 0x000002a27c7dc240 Implicit null exception at 0x000002a207d73834 to 0x000002a207d794c4
Event: 12.730 Thread 0x000002a27c7dc240 Implicit null exception at 0x000002a207d73834 to 0x000002a207d794c4
Event: 12.730 Thread 0x000002a27c7dc240 Implicit null exception at 0x000002a207d73834 to 0x000002a207d794c4
Event: 12.730 Thread 0x000002a27c7dc240 Implicit null exception at 0x000002a207d73834 to 0x000002a207d794c4
Event: 12.730 Thread 0x000002a27c7dc240 Implicit null exception at 0x000002a207d73834 to 0x000002a207d794c4
Event: 12.730 Thread 0x000002a27c7dc240 Implicit null exception at 0x000002a207d73834 to 0x000002a207d794c4
Event: 12.731 Thread 0x000002a27c7dc240 Implicit null exception at 0x000002a207d73834 to 0x000002a207d794c4
Event: 12.731 Thread 0x000002a27c7dc240 Implicit null exception at 0x000002a207d5e733 to 0x000002a207d62348
Event: 13.644 Thread 0x000002a27c7dc240 Implicit null exception at 0x000002a207efa375 to 0x000002a207efa9d4
Event: 14.333 Thread 0x000002a27c7dc240 Implicit null exception at 0x000002a207b35160 to 0x000002a207b351fa
Event: 14.687 Thread 0x000002a27c7dc240 Exception <a 'java/lang/NoSuchMethodError'{0x000000070aae57a0}: 'void java.lang.invoke.DirectMethodHandle$Holder.invokeStatic(java.lang.Object, java.lang.Object, java.lang.Object)'> (0x000000070aae57a0) 
thrown [s\src\hotspot\share\interpreter\linkResolver.cpp, line 771]
Event: 15.966 Thread 0x000002a27c7dc240 Implicit null exception at 0x000002a207f3034c to 0x000002a207f30538
Event: 16.024 Thread 0x000002a27c7dc240 Implicit null exception at 0x000002a207ef322c to 0x000002a207ef3310
Event: 16.776 Thread 0x000002a27c7dc240 Implicit null exception at 0x000002a207b6498f to 0x000002a207b64c34
Event: 17.053 Thread 0x000002a27c7dc240 Implicit null exception at 0x000002a207c488d7 to 0x000002a207c48bc4
Event: 17.276 Thread 0x000002a27c7dc240 Exception <a 'java/lang/NoSuchMethodError'{0x000000070a26f470}: 'java.lang.Object java.lang.invoke.DirectMethodHandle$Holder.invokeStaticInit(java.lang.Object, java.lang.Object, java.lang.Object, java.lang.Object)'> (0x000000070a26f470) 
thrown [s\src\hotspot\share\interpreter\linkResolver.cpp, line 771]
Event: 17.711 Thread 0x000002a27c7dc240 Exception <a 'java/lang/NoSuchMethodError'{0x00000007097fdee8}: 'java.lang.Object java.lang.invoke.DirectMethodHandle$Holder.newInvokeSpecial(java.lang.Object, java.lang.Object, java.lang.Object, int, int)'> (0x00000007097fdee8) 
thrown [s\src\hotspot\share\interpreter\linkResolver.cpp, line 771]
Event: 17.711 Thread 0x000002a27c7dc240 Exception <a 'java/lang/NoSuchMethodError'{0x0000000709402440}: 'java.lang.Object java.lang.invoke.DirectMethodHandle$Holder.invokeSpecial(java.lang.Object, java.lang.Object, java.lang.Object, java.lang.Object, int, int)'> (0x0000000709402440) 
thrown [s\src\hotspot\share\interpreter\linkResolver.cpp, line 771]
Event: 17.761 Thread 0x000002a27c7dc240 Exception <a 'java/lang/NoSuchMethodError'{0x00000007095377e8}: 'java.lang.Object java.lang.invoke.Invokers$Holder.linkToTargetMethod(java.lang.Object, java.lang.Object, int, int, java.lang.Object, java.lang.Object, java.lang.Object, java.lang.Object, java.lang.Object)'> (0x00000007095377e8) 
thrown [s\src\hotspot\share\interpreter\linkResolver.cpp, line 771]
Event: 18.108 Thread 0x000002a27c7dc240 Implicit null exception at 0x000002a207b3b6a0 to 0x000002a207b3b994

VM Operations (20 events):
Event: 19.401 Executing VM operation: ICBufferFull
Event: 19.401 Executing VM operation: ICBufferFull done
Event: 19.405 Executing VM operation: HandshakeAllThreads
Event: 19.406 Executing VM operation: HandshakeAllThreads done
Event: 19.409 Executing VM operation: HandshakeAllThreads
Event: 19.409 Executing VM operation: HandshakeAllThreads done
Event: 19.435 Executing VM operation: HandshakeAllThreads
Event: 19.435 Executing VM operation: HandshakeAllThreads done
Event: 19.499 Executing VM operation: HandshakeAllThreads
Event: 19.499 Executing VM operation: HandshakeAllThreads done
Event: 19.503 Executing VM operation: HandshakeAllThreads
Event: 19.503 Executing VM operation: HandshakeAllThreads done
Event: 19.627 Executing VM operation: HandshakeAllThreads
Event: 19.627 Executing VM operation: HandshakeAllThreads done
Event: 19.632 Executing VM operation: HandshakeAllThreads
Event: 19.632 Executing VM operation: HandshakeAllThreads done
Event: 19.673 Executing VM operation: ICBufferFull
Event: 19.674 Executing VM operation: ICBufferFull done
Event: 19.854 Executing VM operation: ICBufferFull
Event: 19.854 Executing VM operation: ICBufferFull done

Events (20 events):
Event: 17.688 Thread 0x000002a21c0d0c10 flushing nmethod 0x000002a201adac90
Event: 17.688 Thread 0x000002a21c0d0c10 flushing nmethod 0x000002a201b2d890
Event: 17.688 Thread 0x000002a21c0d0c10 flushing nmethod 0x000002a201b62310
Event: 17.688 Thread 0x000002a21c0d0c10 flushing nmethod 0x000002a201b96010
Event: 17.689 Thread 0x000002a21c0d0c10 flushing nmethod 0x000002a201c40590
Event: 17.689 Thread 0x000002a21c0d0c10 flushing nmethod 0x000002a201c41310
Event: 17.689 Thread 0x000002a21c0d0c10 flushing nmethod 0x000002a201c46390
Event: 17.689 Thread 0x000002a21c0d0c10 flushing nmethod 0x000002a201c57c10
Event: 17.689 Thread 0x000002a21c0d0c10 flushing nmethod 0x000002a201c68690
Event: 17.689 Thread 0x000002a21c0d0c10 flushing nmethod 0x000002a201c97a10
Event: 17.689 Thread 0x000002a21c0d0c10 flushing nmethod 0x000002a201caaa10
Event: 19.036 Thread 0x000002a21c0d0c10 flushing nmethod 0x000002a20008c310
Event: 19.036 Thread 0x000002a21c0d0c10 flushing nmethod 0x000002a20008dd10
Event: 19.060 Thread 0x000002a21c0d0c10 flushing nmethod 0x000002a2011ba990
Event: 19.064 Thread 0x000002a21c0d0c10 flushing nmethod 0x000002a20145da90
Event: 19.073 Thread 0x000002a21c0d0c10 flushing nmethod 0x000002a201734c10
Event: 19.075 Thread 0x000002a21c0d0c10 flushing nmethod 0x000002a2019a7090
Event: 19.077 Thread 0x000002a21c0d0c10 flushing nmethod 0x000002a201a36e10
Event: 19.082 Thread 0x000002a21c0d0c10 flushing nmethod 0x000002a201b44390
Event: 19.082 Thread 0x000002a21c0d0c10 flushing nmethod 0x000002a201b45390


Dynamic libraries:
0x00007ff7c96b0000 - 0x00007ff7c96ba000 	D:\Android\Android studio\jbr\bin\java.exe
0x00007ffc9fa90000 - 0x00007ffc9fc88000 	C:\WINDOWS\SYSTEM32\ntdll.dll
0x00007ffc9f920000 - 0x00007ffc9f9df000 	C:\WINDOWS\System32\KERNEL32.DLL
0x00007ffc9d690000 - 0x00007ffc9d986000 	C:\WINDOWS\System32\KERNELBASE.dll
0x00007ffc9d170000 - 0x00007ffc9d270000 	C:\WINDOWS\System32\ucrtbase.dll
0x00007ffc980a0000 - 0x00007ffc980b7000 	D:\Android\Android studio\jbr\bin\jli.dll
0x00007ffc86160000 - 0x00007ffc8617b000 	D:\Android\Android studio\jbr\bin\VCRUNTIME140.dll
0x00007ffc9f350000 - 0x00007ffc9f4ed000 	C:\WINDOWS\System32\USER32.dll
0x00007ffc9d270000 - 0x00007ffc9d292000 	C:\WINDOWS\System32\win32u.dll
0x00007ffc87cb0000 - 0x00007ffc87f4a000 	C:\WINDOWS\WinSxS\amd64_microsoft.windows.common-controls_6595b64144ccf1df_6.0.19041.1110_none_60b5254171f9507e\COMCTL32.dll
0x00007ffc9ef80000 - 0x00007ffc9efac000 	C:\WINDOWS\System32\GDI32.dll
0x00007ffc9e4c0000 - 0x00007ffc9e55e000 	C:\WINDOWS\System32\msvcrt.dll
0x00007ffc9d2a0000 - 0x00007ffc9d3b5000 	C:\WINDOWS\System32\gdi32full.dll
0x00007ffc9da20000 - 0x00007ffc9dabd000 	C:\WINDOWS\System32\msvcp_win.dll
0x00007ffc9e300000 - 0x00007ffc9e330000 	C:\WINDOWS\System32\IMM32.DLL
0x00007ffc96420000 - 0x00007ffc9642c000 	D:\Android\Android studio\jbr\bin\vcruntime140_1.dll
0x00007ffc7c370000 - 0x00007ffc7c3fd000 	D:\Android\Android studio\jbr\bin\msvcp140.dll
0x00007ffc42400000 - 0x00007ffc4306d000 	D:\Android\Android studio\jbr\bin\server\jvm.dll
0x00007ffc9e330000 - 0x00007ffc9e3df000 	C:\WINDOWS\System32\ADVAPI32.dll
0x00007ffc9e820000 - 0x00007ffc9e8bc000 	C:\WINDOWS\System32\sechost.dll
0x00007ffc9ee50000 - 0x00007ffc9ef76000 	C:\WINDOWS\System32\RPCRT4.dll
0x00007ffc92620000 - 0x00007ffc9262a000 	C:\WINDOWS\SYSTEM32\VERSION.dll
0x00007ffc980e0000 - 0x00007ffc980e9000 	C:\WINDOWS\SYSTEM32\WSOCK32.dll
0x00007ffc90b60000 - 0x00007ffc90b87000 	C:\WINDOWS\SYSTEM32\WINMM.dll
0x00007ffc9e8c0000 - 0x00007ffc9e92b000 	C:\WINDOWS\System32\WS2_32.dll
0x00007ffc9b9c0000 - 0x00007ffc9b9d2000 	C:\WINDOWS\SYSTEM32\kernel.appcore.dll
0x00007ffc980d0000 - 0x00007ffc980da000 	D:\Android\Android studio\jbr\bin\jimage.dll
0x00007ffc9ade0000 - 0x00007ffc9afc4000 	C:\WINDOWS\SYSTEM32\DBGHELP.DLL
0x00007ffc84e40000 - 0x00007ffc84e74000 	C:\WINDOWS\SYSTEM32\dbgcore.DLL
0x00007ffc9d990000 - 0x00007ffc9da12000 	C:\WINDOWS\System32\bcryptPrimitives.dll
0x00007ffc98070000 - 0x00007ffc98095000 	D:\Android\Android studio\jbr\bin\java.dll
0x00007ffc96450000 - 0x00007ffc96468000 	D:\Android\Android studio\jbr\bin\zip.dll
0x00007ffc9dbb0000 - 0x00007ffc9e2f4000 	C:\WINDOWS\System32\SHELL32.dll
0x00007ffc9b210000 - 0x00007ffc9b9a3000 	C:\WINDOWS\SYSTEM32\windows.storage.dll
0x00007ffc9f5c0000 - 0x00007ffc9f914000 	C:\WINDOWS\System32\combase.dll
0x00007ffc9cb60000 - 0x00007ffc9cb8e000 	C:\WINDOWS\SYSTEM32\Wldp.dll
0x00007ffc9daf0000 - 0x00007ffc9db9d000 	C:\WINDOWS\System32\SHCORE.dll
0x00007ffc9f290000 - 0x00007ffc9f2e5000 	C:\WINDOWS\System32\shlwapi.dll
0x00007ffc9d0b0000 - 0x00007ffc9d0cf000 	C:\WINDOWS\SYSTEM32\profapi.dll
0x00007ffc963d0000 - 0x00007ffc963e9000 	D:\Android\Android studio\jbr\bin\net.dll
0x00007ffc927f0000 - 0x00007ffc928fa000 	C:\WINDOWS\SYSTEM32\WINHTTP.dll
0x00007ffc9c850000 - 0x00007ffc9c8ba000 	C:\WINDOWS\system32\mswsock.dll
0x00007ffc96150000 - 0x00007ffc96166000 	D:\Android\Android studio\jbr\bin\nio.dll
0x00007ffc980c0000 - 0x00007ffc980d0000 	D:\Android\Android studio\jbr\bin\verify.dll

dbghelp: loaded successfully - version: 4.0.5 - missing functions: none
symbol engine: initialized successfully - sym options: 0x614 - pdb path: .;D:\Android\Android studio\jbr\bin;C:\WINDOWS\SYSTEM32;C:\WINDOWS\WinSxS\amd64_microsoft.windows.common-controls_6595b64144ccf1df_6.0.19041.1110_none_60b5254171f9507e;D:\Android\Android studio\jbr\bin\server

VM Arguments:
java_command: org.jetbrains.kotlin.cli.jvm.K2JVMCompiler @C:\Users\PC\Desktop\ChatSpring-Ver4\app\build\20230517_8135405620970160238.compiler.options
java_class_path (initial): C:\Users\PC\.gradle\caches\modules-2\files-2.1\org.jetbrains.kotlin\kotlin-compiler-embeddable\1.8.21\a4a682d55fb788432e4b7bf2ab3acb7a7365fb35\kotlin-compiler-embeddable-1.8.21.jar;C:\Users\PC\.gradle\caches\modules-2\files-2.1\org.jetbrains.kotlin\kotlin-stdlib\1.8.21\43d50ab85bc7587adfe3dda3dbe579e5f8d51265\kotlin-stdlib-1.8.21.jar;C:\Users\PC\.gradle\caches\modules-2\files-2.1\org.jetbrains.kotlin\kotlin-script-runtime\1.8.21\bf43f76b6e29bdc09b6c8a4511a9118b0ab12b1f\kotlin-script-runtime-1.8.21.jar;C:\Users\PC\.gradle\caches\modules-2\files-2.1\org.jetbrains.kotlin\kotlin-reflect\1.6.10\1cbe9c92c12a94eea200d23c2bbaedaf3daf5132\kotlin-reflect-1.6.10.jar;C:\Users\PC\.gradle\caches\modules-2\files-2.1\org.jetbrains.kotlin\kotlin-daemon-embeddable\1.8.21\882003c48db58d16c8fb5a933abf08b5974a1a19\kotlin-daemon-embeddable-1.8.21.jar;C:\Users\PC\.gradle\caches\modules-2\files-2.1\org.jetbrains.intellij.deps\trove4j\1.0.20200330\3afb14d5f9ceb459d724e907a21145e8ff394f02\trove4j-1.0.20200330.jar;C:\Users\PC\.gradle\caches\modules-2\files-2.1\net.java.dev.jna\jna\5.6.0\330f2244e9030119ab3030fc3fededc86713d9cc\jna-5.6.0.jar;C:\Users\PC\.gradle\caches\modules-2\files-2.1\org.jetbrains.kotlin\kotlin-stdlib-common\1.8.21\d749cd5ae25da36d06e5028785038e24f9d37976\kotlin-stdlib-common-1.8.21.jar;C:\Users\PC\.gradle\caches\modules-2\files-2.1\org.jetbrains\annotations\13.0\919f0dfe192fb4e063e7dacadee7f8bb9a2672a9\annotations-13.0.jar
Launcher Type: SUN_STANDARD

[Global flags]
     intx CICompilerCount                          = 4                                         {product} {ergonomic}
     uint ConcGCThreads                            = 3                                         {product} {ergonomic}
     uint G1ConcRefinementThreads                  = 10                                        {product} {ergonomic}
   size_t G1HeapRegionSize                         = 2097152                                   {product} {ergonomic}
    uintx GCDrainStackTargetSize                   = 64                                        {product} {ergonomic}
   size_t InitialHeapSize                          = 268435456                                 {product} {ergonomic}
   size_t MarkStackSize                            = 4194304                                   {product} {ergonomic}
   size_t MaxHeapSize                              = 4273995776                                {product} {ergonomic}
   size_t MaxNewSize                               = 2562719744                                {product} {ergonomic}
   size_t MinHeapDeltaBytes                        = 2097152                                   {product} {ergonomic}
   size_t MinHeapSize                              = 8388608                                   {product} {ergonomic}
    uintx NonNMethodCodeHeapSize                   = 5839372                                {pd product} {ergonomic}
    uintx NonProfiledCodeHeapSize                  = 122909434                              {pd product} {ergonomic}
    uintx ProfiledCodeHeapSize                     = 122909434                              {pd product} {ergonomic}
    uintx ReservedCodeCacheSize                    = 251658240                              {pd product} {ergonomic}
     bool SegmentedCodeCache                       = true                                      {product} {ergonomic}
   size_t SoftMaxHeapSize                          = 4273995776                             {manageable} {ergonomic}
     bool UseCompressedClassPointers               = true                           {product lp64_product} {ergonomic}
     bool UseCompressedOops                        = true                           {product lp64_product} {ergonomic}
     bool UseG1GC                                  = true                                      {product} {ergonomic}
     bool UseLargePagesIndividualAllocation        = false                                  {pd product} {ergonomic}

Logging:
Log output configuration:
 #0: stdout all=warning uptime,level,tags
 #1: stderr all=off uptime,level,tags

Environment Variables:
JAVA_HOME=D:\dataAndCode\jdk1.8.0
CLASSPATH=.;D:\dataAndCode\jdk1.8.0\lib;D:\dataAndCode\jdk1.8.0\lib\tools.jar
PATH=C:\ProgramData\Oracle\Java\javapath;C:\Program Files\Python38\Scripts\;C:\Program Files\Python38\;D:\dataAndCode\jdk1.8.0\bin;D:\dataAndCode\jre1.8.0\bin;C:\WINDOWS\System32\OpenSSH\;C:\Program Files\PuTTY\;C:\WINDOWS\system32;C:\WINDOWS;C:\WINDOWS\System32\Wbem;C:\WINDOWS\System32\WindowsPowerShell\v1.0\;C:\Program Files\Git\cmd;C:\Program Files (x86)\Windows Kits\10\Windows Performance Toolkit\;C:\Program Files\MongoDB\Server\6.0\bin;C:\Users\PC\AppData\Local\Microsoft\WindowsApps;C:\Users\PC\.dotnet\tools;C:\Users\PC\Microsoft VS Code\bin;C:\Users\PC\IntelliJ IDEA 2020.2.4\bin;;;C:\Program Files\JetBrains\PyCharm Community Edition 2022.3.2\bin;
USERNAME=PC
OS=Windows_NT
PROCESSOR_IDENTIFIER=Intel64 Family 6 Model 158 Stepping 10, GenuineIntel
TMP=C:\Users\PC\AppData\Local\Temp
TEMP=C:\Users\PC\AppData\Local\Temp



---------------  S Y S T E M  ---------------

OS:
 Windows 10 , 64 bit Build 19041 (10.0.19041.2913)
OS uptime: 0 days 2:18 hours

CPU: total 12 (initial active 12) (6 cores per cpu, 2 threads per core) family 6 model 158 stepping 10 microcode 0xc6, cx8, cmov, fxsr, ht, mmx, 3dnowpref, sse, sse2, sse3, ssse3, sse4.1, sse4.2, popcnt, lzcnt, tsc, tscinvbit, avx, avx2, aes, erms, clmul, bmi1, bmi2, adx, fma, vzeroupper, clflush, clflushopt

Memory: 4k page, system-wide physical 16303M (3751M free)
TotalPageFile size 16559M (AvailPageFile size 6M)
current process WorkingSet (physical memory assigned to process): 429M, peak: 430M
current process commit charge ("private bytes"): 473M, peak: 474M

vm_info: OpenJDK 64-Bit Server VM (17.0.6+0-b2043.56-9586694) for windows-amd64 JRE (17.0.6+0-b2043.56-9586694), built on Feb  9 2023 20:06:20 by "androidbuild" with MS VC++ 16.10 / 16.11 (VS2019)

END.
